[debug] [2021-08-12T19:19:30.633Z] ----------------------------------------------------------------------
[debug] [2021-08-12T19:19:30.634Z] Command:       /opt/homebrew/Cellar/node@14/14.17.0/bin/node /opt/homebrew/bin/firebase emulators:start --import ./bpcweb_export
[debug] [2021-08-12T19:19:30.634Z] CLI Version:   9.16.2
[debug] [2021-08-12T19:19:30.634Z] Platform:      darwin
[debug] [2021-08-12T19:19:30.634Z] Node Version:  v14.17.0
[debug] [2021-08-12T19:19:30.635Z] Time:          Thu Aug 12 2021 15:19:30 GMT-0400 (hora estándar de Chile)
[debug] [2021-08-12T19:19:30.635Z] ----------------------------------------------------------------------
[debug] 
[debug] [2021-08-12T19:19:30.660Z] > command requires scopes: ["email","openid","https://www.googleapis.com/auth/cloudplatformprojects.readonly","https://www.googleapis.com/auth/firebase","https://www.googleapis.com/auth/cloud-platform"]
[debug] [2021-08-12T19:19:30.660Z] > authorizing via signed-in user (sergrodrig@gmail.com)
[info] i  emulators: Starting emulators: auth, functions, firestore {"metadata":{"emulator":{"name":"hub"},"message":"Starting emulators: auth, functions, firestore"}}
[debug] [2021-08-12T19:19:30.671Z] [hub] writing locator at /var/folders/xq/qc54d_dd3z798l1r03c00b540000gn/T/hub-bpc-web-2e369.json
[info] i  firestore: Detected non-emulator Firestore export at /Users/sergio/desarrollo/portafolio/bpc2/bpctwo/functions/bpcweb_export {"metadata":{"emulator":{"name":"firestore"},"message":"Detected non-emulator Firestore export at /Users/sergio/desarrollo/portafolio/bpc2/bpctwo/functions/bpcweb_export"}}
[warn] ⚠  functions: The following emulators are not running, calls to these services from the Functions emulator will affect production: database, hosting, pubsub, storage {"metadata":{"emulator":{"name":"functions"},"message":"The following emulators are not running, calls to these services from the Functions emulator will affect production: \u001b[1mdatabase, hosting, pubsub, storage\u001b[22m"}}
[info] ✔  functions: Using node@14 from host. {"metadata":{"emulator":{"name":"functions"},"message":"Using node@14 from host."}}
[debug] [2021-08-12T19:19:30.698Z] defaultcredentials: writing to file /Users/sergio/.config/firebase/sergrodrig_gmail_com_application_default_credentials.json
[debug] [2021-08-12T19:19:30.700Z] Setting GAC to /Users/sergio/.config/firebase/sergrodrig_gmail_com_application_default_credentials.json {"metadata":{"emulator":{"name":"functions"},"message":"Setting GAC to /Users/sergio/.config/firebase/sergrodrig_gmail_com_application_default_credentials.json"}}
[debug] [2021-08-12T19:19:30.701Z] >>> [apiv2][query] GET https://firebase.googleapis.com/v1beta1/projects/bpc-web-2e369/adminSdkConfig [none]
[debug] [2021-08-12T19:19:31.009Z] <<< [apiv2][status] GET https://firebase.googleapis.com/v1beta1/projects/bpc-web-2e369/adminSdkConfig 200
[debug] [2021-08-12T19:19:31.009Z] <<< [apiv2][body] GET https://firebase.googleapis.com/v1beta1/projects/bpc-web-2e369/adminSdkConfig {"projectId":"bpc-web-2e369","databaseURL":"https://bpc-web-2e369-default-rtdb.firebaseio.com","storageBucket":"bpc-web-2e369.appspot.com","locationId":"us-central"}
[info] i  firestore: Importing data from /Users/sergio/desarrollo/portafolio/bpc2/bpctwo/functions/bpcweb_export/bpcweb_export.overall_export_metadata {"metadata":{"emulator":{"name":"firestore"},"message":"Importing data from /Users/sergio/desarrollo/portafolio/bpc2/bpctwo/functions/bpcweb_export/bpcweb_export.overall_export_metadata"}}
[debug] [2021-08-12T19:19:31.295Z] Ignoring unsupported arg: projectId {"metadata":{"emulator":{"name":"firestore"},"message":"Ignoring unsupported arg: projectId"}}
[debug] [2021-08-12T19:19:31.295Z] Ignoring unsupported arg: auto_download {"metadata":{"emulator":{"name":"firestore"},"message":"Ignoring unsupported arg: auto_download"}}
[debug] [2021-08-12T19:19:31.295Z] Starting Firestore Emulator with command {"binary":"java","args":["-Dgoogle.cloud_firestore.debug_log_level=FINE","-Duser.language=en","-jar","/Users/sergio/.cache/firebase/emulators/cloud-firestore-emulator-v1.13.1.jar","--host","localhost","--port",8888,"--seed_from_export","/Users/sergio/desarrollo/portafolio/bpc2/bpctwo/functions/bpcweb_export/bpcweb_export.overall_export_metadata","--rules","/Users/sergio/desarrollo/portafolio/bpc2/bpctwo/firestore.rules","--functions_emulator","localhost:5001"],"optionalArgs":["port","webchannel_port","host","rules","functions_emulator","seed_from_export"],"joinArgs":false} {"metadata":{"emulator":{"name":"firestore"},"message":"Starting Firestore Emulator with command {\"binary\":\"java\",\"args\":[\"-Dgoogle.cloud_firestore.debug_log_level=FINE\",\"-Duser.language=en\",\"-jar\",\"/Users/sergio/.cache/firebase/emulators/cloud-firestore-emulator-v1.13.1.jar\",\"--host\",\"localhost\",\"--port\",8888,\"--seed_from_export\",\"/Users/sergio/desarrollo/portafolio/bpc2/bpctwo/functions/bpcweb_export/bpcweb_export.overall_export_metadata\",\"--rules\",\"/Users/sergio/desarrollo/portafolio/bpc2/bpctwo/firestore.rules\",\"--functions_emulator\",\"localhost:5001\"],\"optionalArgs\":[\"port\",\"webchannel_port\",\"host\",\"rules\",\"functions_emulator\",\"seed_from_export\"],\"joinArgs\":false}"}}
[info] i  firestore: Firestore Emulator logging to firestore-debug.log {"metadata":{"emulator":{"name":"firestore"},"message":"Firestore Emulator logging to \u001b[1mfirestore-debug.log\u001b[22m"}}
[debug] [2021-08-12T19:19:31.983Z] Aug 12, 2021 3:19:31 PM com.google.cloud.datastore.emulator.firestore.websocket.WebSocketServer start
INFO: Started WebSocket server on ws://localhost:63497
 {"metadata":{"emulator":{"name":"firestore"},"message":"Aug 12, 2021 3:19:31 PM com.google.cloud.datastore.emulator.firestore.websocket.WebSocketServer start\nINFO: Started WebSocket server on ws://localhost:63497\n"}}
[debug] [2021-08-12T19:19:31.993Z] API endpoint: http://localhost:8888
 {"metadata":{"emulator":{"name":"firestore"},"message":"API endpoint: http://localhost:8888\n"}}
[debug] [2021-08-12T19:19:31.994Z] If you are using a library that supports the FIRESTORE_EMULATOR_HOST environment variable, run:

   export FIRESTORE_EMULATOR_HOST=localhost:8888

Dev App Server is now running.

 {"metadata":{"emulator":{"name":"firestore"},"message":"If you are using a library that supports the FIRESTORE_EMULATOR_HOST environment variable, run:\n\n   export FIRESTORE_EMULATOR_HOST=localhost:8888\n\nDev App Server is now running.\n\n"}}
[info] i  ui: downloading ui-v1.6.2.zip... {"metadata":{"emulator":{"name":"ui"},"message":"downloading ui-v1.6.2.zip..."}}
[debug] [2021-08-12T19:19:33.289Z] >>> [apiv2][query] GET https://storage.googleapis.com/firebase-preview-drop/emulator/ui-v1.6.2.zip 
[debug] [2021-08-12T19:19:33.556Z] <<< [apiv2][status] GET https://storage.googleapis.com/firebase-preview-drop/emulator/ui-v1.6.2.zip 200
[debug] [2021-08-12T19:19:33.557Z] <<< [apiv2][body] GET https://storage.googleapis.com/firebase-preview-drop/emulator/ui-v1.6.2.zip [stream]
[info] i  ui: Removing outdated emulator files: ui-v1.6.0 {"metadata":{"emulator":{"name":"ui"},"message":"Removing outdated emulator files: ui-v1.6.0"}}
[info] i  ui: Removing outdated emulator files: ui-v1.6.0.zip {"metadata":{"emulator":{"name":"ui"},"message":"Removing outdated emulator files: ui-v1.6.0.zip"}}
[debug] [2021-08-12T19:19:33.792Z] Ignoring unsupported arg: auto_download {"metadata":{"emulator":{"name":"ui"},"message":"Ignoring unsupported arg: auto_download"}}
[debug] [2021-08-12T19:19:33.793Z] Ignoring unsupported arg: port {"metadata":{"emulator":{"name":"ui"},"message":"Ignoring unsupported arg: port"}}
[debug] [2021-08-12T19:19:33.793Z] Starting Emulator UI with command {"binary":"node","args":["/Users/sergio/.cache/firebase/emulators/ui-v1.6.2/server.bundle.js"],"optionalArgs":[],"joinArgs":false} {"metadata":{"emulator":{"name":"ui"},"message":"Starting Emulator UI with command {\"binary\":\"node\",\"args\":[\"/Users/sergio/.cache/firebase/emulators/ui-v1.6.2/server.bundle.js\"],\"optionalArgs\":[],\"joinArgs\":false}"}}
[info] i  ui: Emulator UI logging to ui-debug.log {"metadata":{"emulator":{"name":"ui"},"message":"Emulator UI logging to \u001b[1mui-debug.log\u001b[22m"}}
[debug] [2021-08-12T19:19:33.896Z] Web / API server started at localhost:4000
 {"metadata":{"emulator":{"name":"ui"},"message":"Web / API server started at localhost:4000\n"}}
[info] i  functions: Watching "/Users/sergio/desarrollo/portafolio/bpc2/bpctwo/functions" for Cloud Functions... {"metadata":{"emulator":{"name":"functions"},"message":"Watching \"/Users/sergio/desarrollo/portafolio/bpc2/bpctwo/functions\" for Cloud Functions..."}}
[debug] [2021-08-12T19:19:34.115Z] [worker-pool] addWorker(~diagnostic~) {"metadata":{"emulator":{"name":"functions"},"message":"[worker-pool] addWorker(~diagnostic~)"}}
[debug] [2021-08-12T19:19:34.115Z] [worker-pool] Adding worker with key ~diagnostic~, total=1 {"metadata":{"emulator":{"name":"functions"},"message":"[worker-pool] Adding worker with key ~diagnostic~, total=1"}}
[debug] [2021-08-12T19:19:34.115Z] [worker-pool] submitWork(triggerId=) {"metadata":{"emulator":{"name":"functions"},"message":"[worker-pool] submitWork(triggerId=)"}}
[debug] [2021-08-12T19:19:34.115Z] [worker-~diagnostic~-7284b846-9086-4237-bd05-c834d59224a6]: Assigning socketPath: /var/folders/xq/qc54d_dd3z798l1r03c00b540000gn/T/fire_emu_82999.sock {"metadata":{"emulator":{"name":"functions"},"message":"[worker-~diagnostic~-7284b846-9086-4237-bd05-c834d59224a6]: Assigning socketPath: /var/folders/xq/qc54d_dd3z798l1r03c00b540000gn/T/fire_emu_82999.sock"}}
[debug] [2021-08-12T19:19:34.115Z] [worker-~diagnostic~-7284b846-9086-4237-bd05-c834d59224a6]: BUSY {"metadata":{"emulator":{"name":"functions"},"message":"[worker-~diagnostic~-7284b846-9086-4237-bd05-c834d59224a6]: BUSY"}}
[debug] [2021-08-12T19:19:34.246Z] [runtime-status] [82999] Functions runtime initialized. {"cwd":"/Users/sergio/desarrollo/portafolio/bpc2/bpctwo/functions","node_version":"14.17.0"} {"metadata":{"emulator":{"name":"functions"},"message":"[runtime-status] [82999] Functions runtime initialized. {\"cwd\":\"/Users/sergio/desarrollo/portafolio/bpc2/bpctwo/functions\",\"node_version\":\"14.17.0\"}"}}
[debug] [2021-08-12T19:19:34.246Z] [runtime-status] [82999] Disabled runtime features: undefined {"metadata":{"emulator":{"name":"functions"},"message":"[runtime-status] [82999] Disabled runtime features: undefined"}}
[debug] [2021-08-12T19:19:34.248Z] [runtime-status] [82999] Resolved module firebase-admin {"declared":true,"installed":true,"version":"9.11.0","resolution":"/Users/sergio/desarrollo/portafolio/bpc2/bpctwo/functions/node_modules/firebase-admin/lib/index.js"} {"metadata":{"emulator":{"name":"functions"},"message":"[runtime-status] [82999] Resolved module firebase-admin {\"declared\":true,\"installed\":true,\"version\":\"9.11.0\",\"resolution\":\"/Users/sergio/desarrollo/portafolio/bpc2/bpctwo/functions/node_modules/firebase-admin/lib/index.js\"}"}}
[debug] [2021-08-12T19:19:34.249Z] [runtime-status] [82999] Resolved module firebase-functions {"declared":true,"installed":true,"version":"3.14.1","resolution":"/Users/sergio/desarrollo/portafolio/bpc2/bpctwo/functions/node_modules/firebase-functions/lib/index.js"} {"metadata":{"emulator":{"name":"functions"},"message":"[runtime-status] [82999] Resolved module firebase-functions {\"declared\":true,\"installed\":true,\"version\":\"3.14.1\",\"resolution\":\"/Users/sergio/desarrollo/portafolio/bpc2/bpctwo/functions/node_modules/firebase-functions/lib/index.js\"}"}}
[debug] [2021-08-12T19:19:34.250Z] [runtime-status] [82999] Resolved module firebase-functions {"declared":true,"installed":true,"version":"3.14.1","resolution":"/Users/sergio/desarrollo/portafolio/bpc2/bpctwo/functions/node_modules/firebase-functions/lib/index.js"} {"metadata":{"emulator":{"name":"functions"},"message":"[runtime-status] [82999] Resolved module firebase-functions {\"declared\":true,\"installed\":true,\"version\":\"3.14.1\",\"resolution\":\"/Users/sergio/desarrollo/portafolio/bpc2/bpctwo/functions/node_modules/firebase-functions/lib/index.js\"}"}}
[debug] [2021-08-12T19:19:34.250Z] [runtime-status] [82999] Outgoing network have been stubbed. [{"name":"http","status":"mocked"},{"name":"http","status":"mocked"},{"name":"https","status":"mocked"},{"name":"https","status":"mocked"},{"name":"net","status":"mocked"}] {"metadata":{"emulator":{"name":"functions"},"message":"[runtime-status] [82999] Outgoing network have been stubbed. [{\"name\":\"http\",\"status\":\"mocked\"},{\"name\":\"http\",\"status\":\"mocked\"},{\"name\":\"https\",\"status\":\"mocked\"},{\"name\":\"https\",\"status\":\"mocked\"},{\"name\":\"net\",\"status\":\"mocked\"}]"}}
[debug] [2021-08-12T19:19:34.251Z] [runtime-status] [82999] Resolved module firebase-functions {"declared":true,"installed":true,"version":"3.14.1","resolution":"/Users/sergio/desarrollo/portafolio/bpc2/bpctwo/functions/node_modules/firebase-functions/lib/index.js"} {"metadata":{"emulator":{"name":"functions"},"message":"[runtime-status] [82999] Resolved module firebase-functions {\"declared\":true,\"installed\":true,\"version\":\"3.14.1\",\"resolution\":\"/Users/sergio/desarrollo/portafolio/bpc2/bpctwo/functions/node_modules/firebase-functions/lib/index.js\"}"}}
[debug] [2021-08-12T19:19:34.273Z] [runtime-status] [82999] Checked functions.config() {"config":{}} {"metadata":{"emulator":{"name":"functions"},"message":"[runtime-status] [82999] Checked functions.config() {\"config\":{}}"}}
[debug] [2021-08-12T19:19:34.273Z] [runtime-status] [82999] firebase-functions has been stubbed. {"functionsResolution":{"declared":true,"installed":true,"version":"3.14.1","resolution":"/Users/sergio/desarrollo/portafolio/bpc2/bpctwo/functions/node_modules/firebase-functions/lib/index.js"}} {"metadata":{"emulator":{"name":"functions"},"message":"[runtime-status] [82999] firebase-functions has been stubbed. {\"functionsResolution\":{\"declared\":true,\"installed\":true,\"version\":\"3.14.1\",\"resolution\":\"/Users/sergio/desarrollo/portafolio/bpc2/bpctwo/functions/node_modules/firebase-functions/lib/index.js\"}}"}}
[debug] [2021-08-12T19:19:34.273Z] [runtime-status] [82999] Resolved module firebase-functions {"declared":true,"installed":true,"version":"3.14.1","resolution":"/Users/sergio/desarrollo/portafolio/bpc2/bpctwo/functions/node_modules/firebase-functions/lib/index.js"} {"metadata":{"emulator":{"name":"functions"},"message":"[runtime-status] [82999] Resolved module firebase-functions {\"declared\":true,\"installed\":true,\"version\":\"3.14.1\",\"resolution\":\"/Users/sergio/desarrollo/portafolio/bpc2/bpctwo/functions/node_modules/firebase-functions/lib/index.js\"}"}}
[debug] [2021-08-12T19:19:34.273Z] [runtime-status] [82999] Resolved module firebase-admin {"declared":true,"installed":true,"version":"9.11.0","resolution":"/Users/sergio/desarrollo/portafolio/bpc2/bpctwo/functions/node_modules/firebase-admin/lib/index.js"} {"metadata":{"emulator":{"name":"functions"},"message":"[runtime-status] [82999] Resolved module firebase-admin {\"declared\":true,\"installed\":true,\"version\":\"9.11.0\",\"resolution\":\"/Users/sergio/desarrollo/portafolio/bpc2/bpctwo/functions/node_modules/firebase-admin/lib/index.js\"}"}}
[debug] [2021-08-12T19:19:34.273Z] [runtime-status] [82999] Resolved module firebase-functions {"declared":true,"installed":true,"version":"3.14.1","resolution":"/Users/sergio/desarrollo/portafolio/bpc2/bpctwo/functions/node_modules/firebase-functions/lib/index.js"} {"metadata":{"emulator":{"name":"functions"},"message":"[runtime-status] [82999] Resolved module firebase-functions {\"declared\":true,\"installed\":true,\"version\":\"3.14.1\",\"resolution\":\"/Users/sergio/desarrollo/portafolio/bpc2/bpctwo/functions/node_modules/firebase-functions/lib/index.js\"}"}}
[debug] [2021-08-12T19:19:34.273Z] [runtime-status] [82999] firebase-admin has been stubbed. {"adminResolution":{"declared":true,"installed":true,"version":"9.11.0","resolution":"/Users/sergio/desarrollo/portafolio/bpc2/bpctwo/functions/node_modules/firebase-admin/lib/index.js"}} {"metadata":{"emulator":{"name":"functions"},"message":"[runtime-status] [82999] firebase-admin has been stubbed. {\"adminResolution\":{\"declared\":true,\"installed\":true,\"version\":\"9.11.0\",\"resolution\":\"/Users/sergio/desarrollo/portafolio/bpc2/bpctwo/functions/node_modules/firebase-admin/lib/index.js\"}}"}}
[debug] [2021-08-12T19:19:34.274Z] [runtime-status] [82999] initializeApp(DEFAULT) {"storageBucket":"bpc-web-2e369.appspot.com","databaseURL":"https://bpc-web-2e369-default-rtdb.firebaseio.com","projectId":"bpc-web-2e369"} {"metadata":{"emulator":{"name":"functions"},"message":"[runtime-status] [82999] initializeApp(DEFAULT) {\"storageBucket\":\"bpc-web-2e369.appspot.com\",\"databaseURL\":\"https://bpc-web-2e369-default-rtdb.firebaseio.com\",\"projectId\":\"bpc-web-2e369\"}"}}
[debug] [2021-08-12T19:19:34.275Z] addFirestoreTrigger "{\"eventTrigger\":{\"resource\":\"projects/bpc-web-2e369/databases/(default)/documents/resultados/{resultadoId}\",\"eventType\":\"providers/cloud.firestore/eventTypes/document.update\",\"service\":\"firestore.googleapis.com\"}}"
[debug] [2021-08-12T19:19:34.276Z] >>> HTTP REQUEST PUT http://localhost:8888/emulator/v1/projects/bpc-web-2e369/triggers/us-central1-actualizarResultado-0  
 {"eventTrigger":{"resource":"projects/bpc-web-2e369/databases/(default)/documents/resultados/{resultadoId}","eventType":"providers/cloud.firestore/eventTypes/document.update","service":"firestore.googleapis.com"}}
[debug] [2021-08-12T19:19:34.277Z] [worker-~diagnostic~-7284b846-9086-4237-bd05-c834d59224a6]: IDLE {"metadata":{"emulator":{"name":"functions"},"message":"[worker-~diagnostic~-7284b846-9086-4237-bd05-c834d59224a6]: IDLE"}}
[debug] [2021-08-12T19:19:34.282Z] Aug 12, 2021 3:19:34 PM io.gapi.emulators.netty.HttpVersionRoutingHandler channelRead
INFO: Detected non-HTTP/2 connection.
 {"metadata":{"emulator":{"name":"firestore"},"message":"Aug 12, 2021 3:19:34 PM io.gapi.emulators.netty.HttpVersionRoutingHandler channelRead\nINFO: Detected non-HTTP/2 connection.\n"}}
[debug] [2021-08-12T19:19:34.347Z] Aug 12, 2021 3:19:34 PM io.gapi.emulators.netty.HttpVersionRoutingHandler channelRead
INFO: Detected HTTP/2 connection.
 {"metadata":{"emulator":{"name":"firestore"},"message":"Aug 12, 2021 3:19:34 PM io.gapi.emulators.netty.HttpVersionRoutingHandler channelRead\nINFO: Detected HTTP/2 connection.\n"}}
[debug] [2021-08-12T19:19:34.696Z] <<< HTTP RESPONSE 200 {"content-type":"application/json","content-length":"4"}
[info] ✔  functions[us-central1-actualizarResultado]: firestore function initialized. {"metadata":{"emulator":{"name":"functions"},"message":"\u001b[1mfirestore\u001b[22m function initialized."}}
[debug] [2021-08-12T19:19:34.696Z] addFirestoreTrigger "{\"eventTrigger\":{\"resource\":\"projects/bpc-web-2e369/databases/(default)/documents/resultados/{resultadoId}\",\"eventType\":\"providers/cloud.firestore/eventTypes/document.update\",\"service\":\"firestore.googleapis.com\"}}"
[debug] [2021-08-12T19:19:34.696Z] >>> HTTP REQUEST PUT http://localhost:8888/emulator/v1/projects/bpc-web-2e369/triggers/us-central1-actualizarPosiciones-0  
 {"eventTrigger":{"resource":"projects/bpc-web-2e369/databases/(default)/documents/resultados/{resultadoId}","eventType":"providers/cloud.firestore/eventTypes/document.update","service":"firestore.googleapis.com"}}
[debug] [2021-08-12T19:19:34.700Z] Aug 12, 2021 3:19:34 PM io.gapi.emulators.netty.HttpVersionRoutingHandler channelRead
INFO: Detected non-HTTP/2 connection.
 {"metadata":{"emulator":{"name":"firestore"},"message":"Aug 12, 2021 3:19:34 PM io.gapi.emulators.netty.HttpVersionRoutingHandler channelRead\nINFO: Detected non-HTTP/2 connection.\n"}}
[debug] [2021-08-12T19:19:34.705Z] <<< HTTP RESPONSE 200 {"content-type":"application/json","content-length":"4"}
[info] ✔  functions[us-central1-actualizarPosiciones]: firestore function initialized. {"metadata":{"emulator":{"name":"functions"},"message":"\u001b[1mfirestore\u001b[22m function initialized."}}
[info] 
┌─────────────────────────────────────────────────────────────┐
│ ✔  All emulators ready! It is now safe to connect your app. │
│ i  View Emulator UI at http://localhost:4000                │
└─────────────────────────────────────────────────────────────┘

┌────────────────┬────────────────┬─────────────────────────────────┐
│ Emulator       │ Host:Port      │ View in Emulator UI             │
├────────────────┼────────────────┼─────────────────────────────────┤
│ Authentication │ localhost:9099 │ http://localhost:4000/auth      │
├────────────────┼────────────────┼─────────────────────────────────┤
│ Functions      │ localhost:5001 │ http://localhost:4000/functions │
├────────────────┼────────────────┼─────────────────────────────────┤
│ Firestore      │ localhost:8888 │ http://localhost:4000/firestore │
└────────────────┴────────────────┴─────────────────────────────────┘
  Emulator Hub running at localhost:4400
  Other reserved ports: 4500

Issues? Report them at https://github.com/firebase/firebase-tools/issues and attach the *-debug.log files.
 
[debug] [2021-08-12T19:20:16.011Z] Aug 12, 2021 3:20:16 PM io.gapi.emulators.netty.HttpVersionRoutingHandler channelRead
INFO: Detected non-HTTP/2 connection.
 {"metadata":{"emulator":{"name":"firestore"},"message":"Aug 12, 2021 3:20:16 PM io.gapi.emulators.netty.HttpVersionRoutingHandler channelRead\nINFO: Detected non-HTTP/2 connection.\n"}}
[debug] [2021-08-12T19:20:16.301Z] Aug 12, 2021 3:20:16 PM io.gapi.emulators.netty.HttpVersionRoutingHandler channelRead
INFO: Detected non-HTTP/2 connection.
 {"metadata":{"emulator":{"name":"firestore"},"message":"Aug 12, 2021 3:20:16 PM io.gapi.emulators.netty.HttpVersionRoutingHandler channelRead\nINFO: Detected non-HTTP/2 connection.\n"}}
[debug] [2021-08-12T19:20:16.429Z] Aug 12, 2021 3:20:16 PM io.gapi.emulators.netty.HttpVersionRoutingHandler channelRead
INFO: Detected non-HTTP/2 connection.
 {"metadata":{"emulator":{"name":"firestore"},"message":"Aug 12, 2021 3:20:16 PM io.gapi.emulators.netty.HttpVersionRoutingHandler channelRead\nINFO: Detected non-HTTP/2 connection.\n"}}
[debug] [2021-08-12T19:20:16.444Z] Aug 12, 2021 3:20:16 PM io.gapi.emulators.netty.HttpVersionRoutingHandler channelRead
INFO: Detected non-HTTP/2 connection.
 {"metadata":{"emulator":{"name":"firestore"},"message":"Aug 12, 2021 3:20:16 PM io.gapi.emulators.netty.HttpVersionRoutingHandler channelRead\nINFO: Detected non-HTTP/2 connection.\n"}}
[debug] [2021-08-12T19:20:19.881Z] Aug 12, 2021 3:20:19 PM io.gapi.emulators.netty.HttpVersionRoutingHandler channelRead
INFO: Detected non-HTTP/2 connection.
 {"metadata":{"emulator":{"name":"firestore"},"message":"Aug 12, 2021 3:20:19 PM io.gapi.emulators.netty.HttpVersionRoutingHandler channelRead\nINFO: Detected non-HTTP/2 connection.\n"}}
[debug] [2021-08-12T19:20:19.941Z] Aug 12, 2021 3:20:19 PM com.google.cloud.datastore.emulator.firestore.websocket.WebSocketChannelHandler initChannel
INFO: Connected to new websocket client
 {"metadata":{"emulator":{"name":"firestore"},"message":"Aug 12, 2021 3:20:19 PM com.google.cloud.datastore.emulator.firestore.websocket.WebSocketChannelHandler initChannel\nINFO: Connected to new websocket client\n"}}
[debug] [2021-08-12T19:20:21.059Z] Aug 12, 2021 3:20:21 PM io.gapi.emulators.netty.HttpVersionRoutingHandler channelRead
INFO: Detected non-HTTP/2 connection.
 {"metadata":{"emulator":{"name":"firestore"},"message":"Aug 12, 2021 3:20:21 PM io.gapi.emulators.netty.HttpVersionRoutingHandler channelRead\nINFO: Detected non-HTTP/2 connection.\n"}}
[debug] [2021-08-12T19:20:21.123Z] Aug 12, 2021 3:20:21 PM io.gapi.emulators.netty.HttpVersionRoutingHandler channelRead
INFO: Detected non-HTTP/2 connection.
 {"metadata":{"emulator":{"name":"firestore"},"message":"Aug 12, 2021 3:20:21 PM io.gapi.emulators.netty.HttpVersionRoutingHandler channelRead\nINFO: Detected non-HTTP/2 connection.\n"}}
[debug] [2021-08-12T19:20:21.152Z] Aug 12, 2021 3:20:21 PM io.gapi.emulators.netty.HttpVersionRoutingHandler channelRead
INFO: Detected non-HTTP/2 connection.
 {"metadata":{"emulator":{"name":"firestore"},"message":"Aug 12, 2021 3:20:21 PM io.gapi.emulators.netty.HttpVersionRoutingHandler channelRead\nINFO: Detected non-HTTP/2 connection.\n"}}
[debug] [2021-08-12T19:20:21.239Z] Aug 12, 2021 3:20:21 PM io.gapi.emulators.netty.HttpVersionRoutingHandler channelRead
INFO: Detected non-HTTP/2 connection.
 {"metadata":{"emulator":{"name":"firestore"},"message":"Aug 12, 2021 3:20:21 PM io.gapi.emulators.netty.HttpVersionRoutingHandler channelRead\nINFO: Detected non-HTTP/2 connection.\n"}}
[debug] [2021-08-12T19:20:40.560Z] Aug 12, 2021 3:20:40 PM io.gapi.emulators.netty.HttpVersionRoutingHandler channelRead
INFO: Detected non-HTTP/2 connection.
 {"metadata":{"emulator":{"name":"firestore"},"message":"Aug 12, 2021 3:20:40 PM io.gapi.emulators.netty.HttpVersionRoutingHandler channelRead\nINFO: Detected non-HTTP/2 connection.\n"}}
[debug] [2021-08-12T19:20:40.677Z] Aug 12, 2021 3:20:40 PM io.gapi.emulators.netty.HttpVersionRoutingHandler channelRead
INFO: Detected non-HTTP/2 connection.
 {"metadata":{"emulator":{"name":"firestore"},"message":"Aug 12, 2021 3:20:40 PM io.gapi.emulators.netty.HttpVersionRoutingHandler channelRead\nINFO: Detected non-HTTP/2 connection.\n"}}
[debug] [2021-08-12T19:20:40.687Z] Aug 12, 2021 3:20:40 PM io.gapi.emulators.netty.HttpVersionRoutingHandler channelRead
INFO: Detected non-HTTP/2 connection.
 {"metadata":{"emulator":{"name":"firestore"},"message":"Aug 12, 2021 3:20:40 PM io.gapi.emulators.netty.HttpVersionRoutingHandler channelRead\nINFO: Detected non-HTTP/2 connection.\n"}}
[debug] [2021-08-12T19:20:40.754Z] Aug 12, 2021 3:20:40 PM io.gapi.emulators.netty.HttpVersionRoutingHandler channelRead
INFO: Detected non-HTTP/2 connection.
 {"metadata":{"emulator":{"name":"firestore"},"message":"Aug 12, 2021 3:20:40 PM io.gapi.emulators.netty.HttpVersionRoutingHandler channelRead\nINFO: Detected non-HTTP/2 connection.\n"}}
[debug] [2021-08-12T19:20:40.761Z] Aug 12, 2021 3:20:40 PM io.gapi.emulators.netty.HttpVersionRoutingHandler channelRead
INFO: Detected non-HTTP/2 connection.
 {"metadata":{"emulator":{"name":"firestore"},"message":"Aug 12, 2021 3:20:40 PM io.gapi.emulators.netty.HttpVersionRoutingHandler channelRead\nINFO: Detected non-HTTP/2 connection.\n"}}
[debug] [2021-08-12T19:20:40.856Z] Aug 12, 2021 3:20:40 PM io.gapi.emulators.netty.HttpVersionRoutingHandler channelRead
INFO: Detected non-HTTP/2 connection.
 {"metadata":{"emulator":{"name":"firestore"},"message":"Aug 12, 2021 3:20:40 PM io.gapi.emulators.netty.HttpVersionRoutingHandler channelRead\nINFO: Detected non-HTTP/2 connection.\n"}}
[debug] [2021-08-12T19:20:42.473Z] Aug 12, 2021 3:20:42 PM io.gapi.emulators.netty.HttpVersionRoutingHandler channelRead
INFO: Detected non-HTTP/2 connection.
 {"metadata":{"emulator":{"name":"firestore"},"message":"Aug 12, 2021 3:20:42 PM io.gapi.emulators.netty.HttpVersionRoutingHandler channelRead\nINFO: Detected non-HTTP/2 connection.\n"}}
[debug] [2021-08-12T19:20:42.661Z] Aug 12, 2021 3:20:42 PM io.gapi.emulators.netty.HttpVersionRoutingHandler channelRead
INFO: Detected non-HTTP/2 connection.
 {"metadata":{"emulator":{"name":"firestore"},"message":"Aug 12, 2021 3:20:42 PM io.gapi.emulators.netty.HttpVersionRoutingHandler channelRead\nINFO: Detected non-HTTP/2 connection.\n"}}
[debug] [2021-08-12T19:20:43.600Z] Aug 12, 2021 3:20:43 PM io.gapi.emulators.netty.HttpVersionRoutingHandler channelRead
INFO: Detected non-HTTP/2 connection.
 {"metadata":{"emulator":{"name":"firestore"},"message":"Aug 12, 2021 3:20:43 PM io.gapi.emulators.netty.HttpVersionRoutingHandler channelRead\nINFO: Detected non-HTTP/2 connection.\n"}}
[debug] [2021-08-12T19:20:43.657Z] Aug 12, 2021 3:20:43 PM io.gapi.emulators.netty.HttpVersionRoutingHandler channelRead
INFO: Detected non-HTTP/2 connection.
 {"metadata":{"emulator":{"name":"firestore"},"message":"Aug 12, 2021 3:20:43 PM io.gapi.emulators.netty.HttpVersionRoutingHandler channelRead\nINFO: Detected non-HTTP/2 connection.\n"}}
[debug] [2021-08-12T19:20:43.667Z] Aug 12, 2021 3:20:43 PM io.gapi.emulators.netty.HttpVersionRoutingHandler channelRead
INFO: Detected non-HTTP/2 connection.
 {"metadata":{"emulator":{"name":"firestore"},"message":"Aug 12, 2021 3:20:43 PM io.gapi.emulators.netty.HttpVersionRoutingHandler channelRead\nINFO: Detected non-HTTP/2 connection.\n"}}
[debug] [2021-08-12T19:20:43.839Z] Aug 12, 2021 3:20:43 PM io.gapi.emulators.netty.HttpVersionRoutingHandler channelRead
INFO: Detected non-HTTP/2 connection.
 {"metadata":{"emulator":{"name":"firestore"},"message":"Aug 12, 2021 3:20:43 PM io.gapi.emulators.netty.HttpVersionRoutingHandler channelRead\nINFO: Detected non-HTTP/2 connection.\n"}}
[debug] [2021-08-12T19:21:13.855Z] Aug 12, 2021 3:21:13 PM io.gapi.emulators.netty.HttpVersionRoutingHandler channelRead
INFO: Detected non-HTTP/2 connection.
 {"metadata":{"emulator":{"name":"firestore"},"message":"Aug 12, 2021 3:21:13 PM io.gapi.emulators.netty.HttpVersionRoutingHandler channelRead\nINFO: Detected non-HTTP/2 connection.\n"}}
[debug] [2021-08-12T19:21:21.278Z] Aug 12, 2021 3:21:21 PM io.gapi.emulators.netty.HttpVersionRoutingHandler channelRead
INFO: Detected non-HTTP/2 connection.
 {"metadata":{"emulator":{"name":"firestore"},"message":"Aug 12, 2021 3:21:21 PM io.gapi.emulators.netty.HttpVersionRoutingHandler channelRead\nINFO: Detected non-HTTP/2 connection.\n"}}
[debug] [2021-08-12T19:21:43.843Z] Aug 12, 2021 3:21:43 PM io.gapi.emulators.netty.HttpVersionRoutingHandler channelRead
INFO: Detected non-HTTP/2 connection.
 {"metadata":{"emulator":{"name":"firestore"},"message":"Aug 12, 2021 3:21:43 PM io.gapi.emulators.netty.HttpVersionRoutingHandler channelRead\nINFO: Detected non-HTTP/2 connection.\n"}}
[debug] [2021-08-12T19:21:43.846Z] Aug 12, 2021 3:21:43 PM com.google.cloud.datastore.emulator.firestore.webchannel.FirestoreV1WebChannelAdapter$FirestoreListenHandler onClose
INFO: channel closed
 {"metadata":{"emulator":{"name":"firestore"},"message":"Aug 12, 2021 3:21:43 PM com.google.cloud.datastore.emulator.firestore.webchannel.FirestoreV1WebChannelAdapter$FirestoreListenHandler onClose\nINFO: channel closed\n"}}
[debug] [2021-08-12T19:22:21.306Z] Aug 12, 2021 3:22:21 PM io.gapi.emulators.netty.HttpVersionRoutingHandler channelRead
INFO: Detected non-HTTP/2 connection.
 {"metadata":{"emulator":{"name":"firestore"},"message":"Aug 12, 2021 3:22:21 PM io.gapi.emulators.netty.HttpVersionRoutingHandler channelRead\nINFO: Detected non-HTTP/2 connection.\n"}}
[debug] [2021-08-12T19:23:21.332Z] Aug 12, 2021 3:23:21 PM io.gapi.emulators.netty.HttpVersionRoutingHandler channelRead
INFO: Detected non-HTTP/2 connection.
 {"metadata":{"emulator":{"name":"firestore"},"message":"Aug 12, 2021 3:23:21 PM io.gapi.emulators.netty.HttpVersionRoutingHandler channelRead\nINFO: Detected non-HTTP/2 connection.\n"}}
[debug] [2021-08-12T19:24:21.354Z] Aug 12, 2021 3:24:21 PM io.gapi.emulators.netty.HttpVersionRoutingHandler channelRead
INFO: Detected non-HTTP/2 connection.
 {"metadata":{"emulator":{"name":"firestore"},"message":"Aug 12, 2021 3:24:21 PM io.gapi.emulators.netty.HttpVersionRoutingHandler channelRead\nINFO: Detected non-HTTP/2 connection.\n"}}
