[debug] [2021-08-15T06:56:34.950Z] ----------------------------------------------------------------------
[debug] [2021-08-15T06:56:34.951Z] Command:       /opt/homebrew/Cellar/node@14/14.17.0/bin/node /opt/homebrew/bin/firebase emulators:start --import ./bpcweb_export
[debug] [2021-08-15T06:56:34.951Z] CLI Version:   9.16.2
[debug] [2021-08-15T06:56:34.951Z] Platform:      darwin
[debug] [2021-08-15T06:56:34.951Z] Node Version:  v14.17.0
[debug] [2021-08-15T06:56:34.952Z] Time:          Sun Aug 15 2021 02:56:34 GMT-0400 (hora estándar de Chile)
[debug] [2021-08-15T06:56:34.952Z] ----------------------------------------------------------------------
[debug] 
[debug] [2021-08-15T06:56:34.981Z] > command requires scopes: ["email","openid","https://www.googleapis.com/auth/cloudplatformprojects.readonly","https://www.googleapis.com/auth/firebase","https://www.googleapis.com/auth/cloud-platform"]
[debug] [2021-08-15T06:56:34.981Z] > authorizing via signed-in user (sergrodrig@gmail.com)
[info] i  emulators: Starting emulators: auth, functions, firestore {"metadata":{"emulator":{"name":"hub"},"message":"Starting emulators: auth, functions, firestore"}}
[debug] [2021-08-15T06:56:34.992Z] [hub] writing locator at /var/folders/xq/qc54d_dd3z798l1r03c00b540000gn/T/hub-development-d40cb.json
[info] i  firestore: Detected non-emulator Firestore export at /Users/sergio/desarrollo/portafolio/bpc2/bpctwo/bpcweb_export {"metadata":{"emulator":{"name":"firestore"},"message":"Detected non-emulator Firestore export at /Users/sergio/desarrollo/portafolio/bpc2/bpctwo/bpcweb_export"}}
[warn] ⚠  functions: The following emulators are not running, calls to these services from the Functions emulator will affect production: database, hosting, pubsub, storage {"metadata":{"emulator":{"name":"functions"},"message":"The following emulators are not running, calls to these services from the Functions emulator will affect production: \u001b[1mdatabase, hosting, pubsub, storage\u001b[22m"}}
[info] ✔  functions: Using node@14 from host. {"metadata":{"emulator":{"name":"functions"},"message":"Using node@14 from host."}}
[debug] [2021-08-15T06:56:35.023Z] defaultcredentials: writing to file /Users/sergio/.config/firebase/sergrodrig_gmail_com_application_default_credentials.json
[debug] [2021-08-15T06:56:35.024Z] Setting GAC to /Users/sergio/.config/firebase/sergrodrig_gmail_com_application_default_credentials.json {"metadata":{"emulator":{"name":"functions"},"message":"Setting GAC to /Users/sergio/.config/firebase/sergrodrig_gmail_com_application_default_credentials.json"}}
[debug] [2021-08-15T06:56:35.025Z] > refreshing access token with scopes: []
[debug] [2021-08-15T06:56:35.026Z] >>> HTTP REQUEST POST https://www.googleapis.com/oauth2/v3/token  
 <request body omitted>
[debug] [2021-08-15T06:56:35.155Z] <<< HTTP RESPONSE 200 {"date":"Sun, 15 Aug 2021 06:56:35 GMT","cache-control":"no-cache, no-store, max-age=0, must-revalidate","pragma":"no-cache","expires":"Mon, 01 Jan 1990 00:00:00 GMT","content-type":"application/json; charset=utf-8","vary":"X-Origin, Referer, Origin,Accept-Encoding","server":"scaffolding on HTTPServer2","x-xss-protection":"0","x-frame-options":"SAMEORIGIN","x-content-type-options":"nosniff","alt-svc":"h3=\":443\"; ma=2592000,h3-29=\":443\"; ma=2592000,h3-T051=\":443\"; ma=2592000,h3-Q050=\":443\"; ma=2592000,h3-Q046=\":443\"; ma=2592000,h3-Q043=\":443\"; ma=2592000,quic=\":443\"; ma=2592000; v=\"46,43\"","accept-ranges":"none","transfer-encoding":"chunked"}
[debug] [2021-08-15T06:56:35.200Z] >>> [apiv2][query] GET https://firebase.googleapis.com/v1beta1/projects/development-d40cb/adminSdkConfig [none]
[debug] [2021-08-15T06:56:35.600Z] <<< [apiv2][status] GET https://firebase.googleapis.com/v1beta1/projects/development-d40cb/adminSdkConfig 200
[debug] [2021-08-15T06:56:35.600Z] <<< [apiv2][body] GET https://firebase.googleapis.com/v1beta1/projects/development-d40cb/adminSdkConfig {"projectId":"development-d40cb","storageBucket":"development-d40cb.appspot.com","locationId":"southamerica-east1"}
[info] i  firestore: Importing data from /Users/sergio/desarrollo/portafolio/bpc2/bpctwo/bpcweb_export/bpcweb_export.overall_export_metadata {"metadata":{"emulator":{"name":"firestore"},"message":"Importing data from /Users/sergio/desarrollo/portafolio/bpc2/bpctwo/bpcweb_export/bpcweb_export.overall_export_metadata"}}
[debug] [2021-08-15T06:56:35.885Z] Ignoring unsupported arg: projectId {"metadata":{"emulator":{"name":"firestore"},"message":"Ignoring unsupported arg: projectId"}}
[debug] [2021-08-15T06:56:35.885Z] Ignoring unsupported arg: auto_download {"metadata":{"emulator":{"name":"firestore"},"message":"Ignoring unsupported arg: auto_download"}}
[debug] [2021-08-15T06:56:35.885Z] Starting Firestore Emulator with command {"binary":"java","args":["-Dgoogle.cloud_firestore.debug_log_level=FINE","-Duser.language=en","-jar","/Users/sergio/.cache/firebase/emulators/cloud-firestore-emulator-v1.13.1.jar","--host","localhost","--port",8888,"--seed_from_export","/Users/sergio/desarrollo/portafolio/bpc2/bpctwo/bpcweb_export/bpcweb_export.overall_export_metadata","--rules","/Users/sergio/desarrollo/portafolio/bpc2/bpctwo/firestore.rules","--functions_emulator","localhost:5001"],"optionalArgs":["port","webchannel_port","host","rules","functions_emulator","seed_from_export"],"joinArgs":false} {"metadata":{"emulator":{"name":"firestore"},"message":"Starting Firestore Emulator with command {\"binary\":\"java\",\"args\":[\"-Dgoogle.cloud_firestore.debug_log_level=FINE\",\"-Duser.language=en\",\"-jar\",\"/Users/sergio/.cache/firebase/emulators/cloud-firestore-emulator-v1.13.1.jar\",\"--host\",\"localhost\",\"--port\",8888,\"--seed_from_export\",\"/Users/sergio/desarrollo/portafolio/bpc2/bpctwo/bpcweb_export/bpcweb_export.overall_export_metadata\",\"--rules\",\"/Users/sergio/desarrollo/portafolio/bpc2/bpctwo/firestore.rules\",\"--functions_emulator\",\"localhost:5001\"],\"optionalArgs\":[\"port\",\"webchannel_port\",\"host\",\"rules\",\"functions_emulator\",\"seed_from_export\"],\"joinArgs\":false}"}}
[info] i  firestore: Firestore Emulator logging to firestore-debug.log {"metadata":{"emulator":{"name":"firestore"},"message":"Firestore Emulator logging to \u001b[1mfirestore-debug.log\u001b[22m"}}
[debug] [2021-08-15T06:56:36.421Z] Aug 15, 2021 2:56:36 AM com.google.cloud.datastore.emulator.firestore.websocket.WebSocketServer start
INFO: Started WebSocket server on ws://localhost:54101
 {"metadata":{"emulator":{"name":"firestore"},"message":"Aug 15, 2021 2:56:36 AM com.google.cloud.datastore.emulator.firestore.websocket.WebSocketServer start\nINFO: Started WebSocket server on ws://localhost:54101\n"}}
[debug] [2021-08-15T06:56:36.430Z] API endpoint: http://localhost: {"metadata":{"emulator":{"name":"firestore"},"message":"API endpoint: http://localhost:"}}
[debug] [2021-08-15T06:56:36.430Z] 8888
If you are using a library that supports the FIRESTORE_EMULATOR_HOST environment variable, run:

   export FIRESTORE_EMULATOR_HOST=localhost:8888

Dev App Server is now running.

 {"metadata":{"emulator":{"name":"firestore"},"message":"8888\nIf you are using a library that supports the FIRESTORE_EMULATOR_HOST environment variable, run:\n\n   export FIRESTORE_EMULATOR_HOST=localhost:8888\n\nDev App Server is now running.\n\n"}}
[debug] [2021-08-15T06:56:37.339Z] Ignoring unsupported arg: auto_download {"metadata":{"emulator":{"name":"ui"},"message":"Ignoring unsupported arg: auto_download"}}
[debug] [2021-08-15T06:56:37.339Z] Ignoring unsupported arg: port {"metadata":{"emulator":{"name":"ui"},"message":"Ignoring unsupported arg: port"}}
[debug] [2021-08-15T06:56:37.339Z] Starting Emulator UI with command {"binary":"node","args":["/Users/sergio/.cache/firebase/emulators/ui-v1.6.2/server.bundle.js"],"optionalArgs":[],"joinArgs":false} {"metadata":{"emulator":{"name":"ui"},"message":"Starting Emulator UI with command {\"binary\":\"node\",\"args\":[\"/Users/sergio/.cache/firebase/emulators/ui-v1.6.2/server.bundle.js\"],\"optionalArgs\":[],\"joinArgs\":false}"}}
[info] i  ui: Emulator UI logging to ui-debug.log {"metadata":{"emulator":{"name":"ui"},"message":"Emulator UI logging to \u001b[1mui-debug.log\u001b[22m"}}
[debug] [2021-08-15T06:56:37.448Z] Web / API server started at localhost:4000
 {"metadata":{"emulator":{"name":"ui"},"message":"Web / API server started at localhost:4000\n"}}
[info] i  functions: Watching "/Users/sergio/desarrollo/portafolio/bpc2/bpctwo/functions" for Cloud Functions... {"metadata":{"emulator":{"name":"functions"},"message":"Watching \"/Users/sergio/desarrollo/portafolio/bpc2/bpctwo/functions\" for Cloud Functions..."}}
[debug] [2021-08-15T06:56:37.664Z] [worker-pool] addWorker(~diagnostic~) {"metadata":{"emulator":{"name":"functions"},"message":"[worker-pool] addWorker(~diagnostic~)"}}
[debug] [2021-08-15T06:56:37.665Z] [worker-pool] Adding worker with key ~diagnostic~, total=1 {"metadata":{"emulator":{"name":"functions"},"message":"[worker-pool] Adding worker with key ~diagnostic~, total=1"}}
[debug] [2021-08-15T06:56:37.665Z] [worker-pool] submitWork(triggerId=) {"metadata":{"emulator":{"name":"functions"},"message":"[worker-pool] submitWork(triggerId=)"}}
[debug] [2021-08-15T06:56:37.665Z] [worker-~diagnostic~-7721f3d8-5712-4daf-b4fe-b7747cfbcff5]: Assigning socketPath: /var/folders/xq/qc54d_dd3z798l1r03c00b540000gn/T/fire_emu_24169.sock {"metadata":{"emulator":{"name":"functions"},"message":"[worker-~diagnostic~-7721f3d8-5712-4daf-b4fe-b7747cfbcff5]: Assigning socketPath: /var/folders/xq/qc54d_dd3z798l1r03c00b540000gn/T/fire_emu_24169.sock"}}
[debug] [2021-08-15T06:56:37.665Z] [worker-~diagnostic~-7721f3d8-5712-4daf-b4fe-b7747cfbcff5]: BUSY {"metadata":{"emulator":{"name":"functions"},"message":"[worker-~diagnostic~-7721f3d8-5712-4daf-b4fe-b7747cfbcff5]: BUSY"}}
[debug] [2021-08-15T06:56:37.786Z] [runtime-status] [24169] Functions runtime initialized. {"cwd":"/Users/sergio/desarrollo/portafolio/bpc2/bpctwo/functions","node_version":"14.17.0"} {"metadata":{"emulator":{"name":"functions"},"message":"[runtime-status] [24169] Functions runtime initialized. {\"cwd\":\"/Users/sergio/desarrollo/portafolio/bpc2/bpctwo/functions\",\"node_version\":\"14.17.0\"}"}}
[debug] [2021-08-15T06:56:37.787Z] [runtime-status] [24169] Disabled runtime features: undefined {"metadata":{"emulator":{"name":"functions"},"message":"[runtime-status] [24169] Disabled runtime features: undefined"}}
[debug] [2021-08-15T06:56:37.790Z] [runtime-status] [24169] Resolved module firebase-admin {"declared":true,"installed":true,"version":"9.11.0","resolution":"/Users/sergio/desarrollo/portafolio/bpc2/bpctwo/functions/node_modules/firebase-admin/lib/index.js"} {"metadata":{"emulator":{"name":"functions"},"message":"[runtime-status] [24169] Resolved module firebase-admin {\"declared\":true,\"installed\":true,\"version\":\"9.11.0\",\"resolution\":\"/Users/sergio/desarrollo/portafolio/bpc2/bpctwo/functions/node_modules/firebase-admin/lib/index.js\"}"}}
[debug] [2021-08-15T06:56:37.791Z] [runtime-status] [24169] Resolved module firebase-functions {"declared":true,"installed":true,"version":"3.15.3","resolution":"/Users/sergio/desarrollo/portafolio/bpc2/bpctwo/functions/node_modules/firebase-functions/lib/index.js"} {"metadata":{"emulator":{"name":"functions"},"message":"[runtime-status] [24169] Resolved module firebase-functions {\"declared\":true,\"installed\":true,\"version\":\"3.15.3\",\"resolution\":\"/Users/sergio/desarrollo/portafolio/bpc2/bpctwo/functions/node_modules/firebase-functions/lib/index.js\"}"}}
[debug] [2021-08-15T06:56:37.792Z] [runtime-status] [24169] Resolved module firebase-functions {"declared":true,"installed":true,"version":"3.15.3","resolution":"/Users/sergio/desarrollo/portafolio/bpc2/bpctwo/functions/node_modules/firebase-functions/lib/index.js"} {"metadata":{"emulator":{"name":"functions"},"message":"[runtime-status] [24169] Resolved module firebase-functions {\"declared\":true,\"installed\":true,\"version\":\"3.15.3\",\"resolution\":\"/Users/sergio/desarrollo/portafolio/bpc2/bpctwo/functions/node_modules/firebase-functions/lib/index.js\"}"}}
[debug] [2021-08-15T06:56:37.793Z] [runtime-status] [24169] Outgoing network have been stubbed. [{"name":"http","status":"mocked"},{"name":"http","status":"mocked"},{"name":"https","status":"mocked"},{"name":"https","status":"mocked"},{"name":"net","status":"mocked"}] {"metadata":{"emulator":{"name":"functions"},"message":"[runtime-status] [24169] Outgoing network have been stubbed. [{\"name\":\"http\",\"status\":\"mocked\"},{\"name\":\"http\",\"status\":\"mocked\"},{\"name\":\"https\",\"status\":\"mocked\"},{\"name\":\"https\",\"status\":\"mocked\"},{\"name\":\"net\",\"status\":\"mocked\"}]"}}
[debug] [2021-08-15T06:56:37.794Z] [runtime-status] [24169] Resolved module firebase-functions {"declared":true,"installed":true,"version":"3.15.3","resolution":"/Users/sergio/desarrollo/portafolio/bpc2/bpctwo/functions/node_modules/firebase-functions/lib/index.js"} {"metadata":{"emulator":{"name":"functions"},"message":"[runtime-status] [24169] Resolved module firebase-functions {\"declared\":true,\"installed\":true,\"version\":\"3.15.3\",\"resolution\":\"/Users/sergio/desarrollo/portafolio/bpc2/bpctwo/functions/node_modules/firebase-functions/lib/index.js\"}"}}
[debug] [2021-08-15T06:56:37.821Z] [runtime-status] [24169] Checked functions.config() {"config":{}} {"metadata":{"emulator":{"name":"functions"},"message":"[runtime-status] [24169] Checked functions.config() {\"config\":{}}"}}
[debug] [2021-08-15T06:56:37.821Z] [runtime-status] [24169] firebase-functions has been stubbed. {"functionsResolution":{"declared":true,"installed":true,"version":"3.15.3","resolution":"/Users/sergio/desarrollo/portafolio/bpc2/bpctwo/functions/node_modules/firebase-functions/lib/index.js"}} {"metadata":{"emulator":{"name":"functions"},"message":"[runtime-status] [24169] firebase-functions has been stubbed. {\"functionsResolution\":{\"declared\":true,\"installed\":true,\"version\":\"3.15.3\",\"resolution\":\"/Users/sergio/desarrollo/portafolio/bpc2/bpctwo/functions/node_modules/firebase-functions/lib/index.js\"}}"}}
[debug] [2021-08-15T06:56:37.821Z] [runtime-status] [24169] Resolved module firebase-functions {"declared":true,"installed":true,"version":"3.15.3","resolution":"/Users/sergio/desarrollo/portafolio/bpc2/bpctwo/functions/node_modules/firebase-functions/lib/index.js"} {"metadata":{"emulator":{"name":"functions"},"message":"[runtime-status] [24169] Resolved module firebase-functions {\"declared\":true,\"installed\":true,\"version\":\"3.15.3\",\"resolution\":\"/Users/sergio/desarrollo/portafolio/bpc2/bpctwo/functions/node_modules/firebase-functions/lib/index.js\"}"}}
[debug] [2021-08-15T06:56:37.821Z] [runtime-status] [24169] Resolved module firebase-admin {"declared":true,"installed":true,"version":"9.11.0","resolution":"/Users/sergio/desarrollo/portafolio/bpc2/bpctwo/functions/node_modules/firebase-admin/lib/index.js"} {"metadata":{"emulator":{"name":"functions"},"message":"[runtime-status] [24169] Resolved module firebase-admin {\"declared\":true,\"installed\":true,\"version\":\"9.11.0\",\"resolution\":\"/Users/sergio/desarrollo/portafolio/bpc2/bpctwo/functions/node_modules/firebase-admin/lib/index.js\"}"}}
[debug] [2021-08-15T06:56:37.821Z] [runtime-status] [24169] Resolved module firebase-functions {"declared":true,"installed":true,"version":"3.15.3","resolution":"/Users/sergio/desarrollo/portafolio/bpc2/bpctwo/functions/node_modules/firebase-functions/lib/index.js"} {"metadata":{"emulator":{"name":"functions"},"message":"[runtime-status] [24169] Resolved module firebase-functions {\"declared\":true,\"installed\":true,\"version\":\"3.15.3\",\"resolution\":\"/Users/sergio/desarrollo/portafolio/bpc2/bpctwo/functions/node_modules/firebase-functions/lib/index.js\"}"}}
[debug] [2021-08-15T06:56:37.822Z] [runtime-status] [24169] firebase-admin has been stubbed. {"adminResolution":{"declared":true,"installed":true,"version":"9.11.0","resolution":"/Users/sergio/desarrollo/portafolio/bpc2/bpctwo/functions/node_modules/firebase-admin/lib/index.js"}} {"metadata":{"emulator":{"name":"functions"},"message":"[runtime-status] [24169] firebase-admin has been stubbed. {\"adminResolution\":{\"declared\":true,\"installed\":true,\"version\":\"9.11.0\",\"resolution\":\"/Users/sergio/desarrollo/portafolio/bpc2/bpctwo/functions/node_modules/firebase-admin/lib/index.js\"}}"}}
[info] 
┌─────────────────────────────────────────────────────────────┐
│ ✔  All emulators ready! It is now safe to connect your app. │
│ i  View Emulator UI at http://localhost:4000                │
└─────────────────────────────────────────────────────────────┘

┌────────────────┬────────────────┬─────────────────────────────────┐
│ Emulator       │ Host:Port      │ View in Emulator UI             │
├────────────────┼────────────────┼─────────────────────────────────┤
│ Authentication │ localhost:9099 │ http://localhost:4000/auth      │
├────────────────┼────────────────┼─────────────────────────────────┤
│ Functions      │ localhost:5001 │ http://localhost:4000/functions │
├────────────────┼────────────────┼─────────────────────────────────┤
│ Firestore      │ localhost:8888 │ http://localhost:4000/firestore │
└────────────────┴────────────────┴─────────────────────────────────┘
  Emulator Hub running at localhost:4400
  Other reserved ports: 4500

Issues? Report them at https://github.com/firebase/firebase-tools/issues and attach the *-debug.log files.
 
[debug] [2021-08-15T06:56:37.824Z] [worker-~diagnostic~-7721f3d8-5712-4daf-b4fe-b7747cfbcff5]: IDLE {"metadata":{"emulator":{"name":"functions"},"message":"[worker-~diagnostic~-7721f3d8-5712-4daf-b4fe-b7747cfbcff5]: IDLE"}}
